<?xml version="1.0" encoding="UTF-8"?>
<testsuite name="PatronTest" tests="10" skipped="0" failures="0" errors="0" timestamp="2016-05-11T19:55:31" hostname="epicodus-68.local" time="0.144">
  <properties/>
  <testcase name="save_savesObjectIntoDatabase_true" classname="PatronTest" time="0.012"/>
  <testcase name="delete_deletesAllCopiesAndPatronsAssociations" classname="PatronTest" time="0.027"/>
  <testcase name="update_updateTaskDescriptionInDatabase_true" classname="PatronTest" time="0.017"/>
  <testcase name="getPatron_getsPatronForACopy_true" classname="PatronTest" time="0.021"/>
  <testcase name="equals_returnsTrueIfDescriptionsAreTheSame_true" classname="PatronTest" time="0.004"/>
  <testcase name="find_findPatronInDatabase_true" classname="PatronTest" time="0.016"/>
  <testcase name="Patron_InstantiatesWithString_true" classname="PatronTest" time="0.004"/>
  <testcase name="save_assignsIdToObject_int" classname="PatronTest" time="0.012"/>
  <testcase name="all_EmptyAtFirst_true" classname="PatronTest" time="0.008"/>
  <testcase name="addPatron_addsPatronToCopy_true" classname="PatronTest" time="0.021"/>
  <system-out><![CDATA[]]></system-out>
  <system-err><![CDATA[]]></system-err>
</testsuite>
