<?xml version="1.0" encoding="UTF-8"?>
<testsuite name="TitleTest" tests="11" skipped="0" failures="0" errors="0" timestamp="2016-05-11T21:12:13" hostname="epicodus-68.local" time="0.166">
  <properties/>
  <testcase name="save_savesObjectIntoDatabase_true" classname="TitleTest" time="0.012"/>
  <testcase name="equals_returnsTrueIfDescriptionsAreTheSame_true" classname="TitleTest" time="0.005"/>
  <testcase name="update_updateTitleDescriptionInDatabase_true" classname="TitleTest" time="0.017"/>
  <testcase name="getCopies_retrievesAllCopiesFromDatabase_List" classname="TitleTest" time="0.022"/>
  <testcase name="delete_deletesAllTitlesAndAuthorsAssociations" classname="TitleTest" time="0.025"/>
  <testcase name="addAuthor_addsAuthorToTitle_true" classname="TitleTest" time="0.022"/>
  <testcase name="getAuthor_getsAuthorForATitle_true" classname="TitleTest" time="0.021"/>
  <testcase name="find_findTitleInDatabase_true" classname="TitleTest" time="0.016"/>
  <testcase name="save_assignsIdToObject_int" classname="TitleTest" time="0.012"/>
  <testcase name="all_EmptyAtFirst_true" classname="TitleTest" time="0.007"/>
  <testcase name="Title_InstantiatesWithString_true" classname="TitleTest" time="0.005"/>
  <system-out><![CDATA[]]></system-out>
  <system-err><![CDATA[]]></system-err>
</testsuite>
