<?xml version="1.0" encoding="UTF-8"?>
<testsuite name="CopyTest" tests="10" skipped="0" failures="0" errors="0" timestamp="2016-05-11T19:55:31" hostname="epicodus-68.local" time="0.156">
  <properties/>
  <testcase name="save_savesObjectIntoDatabase_true" classname="CopyTest" time="0.014"/>
  <testcase name="find_findCopyInDatabase_true" classname="CopyTest" time="0.016"/>
  <testcase name="delete_deletesAllCopiesAndPatronsAssociations" classname="CopyTest" time="0.029"/>
  <testcase name="update_updateTaskDescriptionInDatabase_true" classname="CopyTest" time="0.017"/>
  <testcase name="getPatron_getsPatronForACopy_true" classname="CopyTest" time="0.023"/>
  <testcase name="equals_returnsTrueIfDescriptionsAreTheSame_true" classname="CopyTest" time="0.006"/>
  <testcase name="Copy_InstantiatesWithString_true" classname="CopyTest" time="0.005"/>
  <testcase name="save_assignsIdToObject_int" classname="CopyTest" time="0.012"/>
  <testcase name="all_EmptyAtFirst_true" classname="CopyTest" time="0.009"/>
  <testcase name="addPatron_addsPatronToCopy_true" classname="CopyTest" time="0.022"/>
  <system-out><![CDATA[]]></system-out>
  <system-err><![CDATA[]]></system-err>
</testsuite>
