<?xml version="1.0" encoding="UTF-8"?>
<testsuite name="CopyTest" tests="8" skipped="0" failures="0" errors="0" timestamp="2016-05-11T18:37:12" hostname="epicodus-68.local" time="0.099">
  <properties/>
  <testcase name="save_savesObjectIntoDatabase_true" classname="CopyTest" time="0.014"/>
  <testcase name="find_findCopyInDatabase_true" classname="CopyTest" time="0.016"/>
  <testcase name="update_updateTaskDescriptionInDatabase_true" classname="CopyTest" time="0.017"/>
  <testcase name="equals_returnsTrueIfDescriptionsAreTheSame_true" classname="CopyTest" time="0.005"/>
  <testcase name="Copy_InstantiatesWithString_true" classname="CopyTest" time="0.005"/>
  <testcase name="save_assignsIdToObject_int" classname="CopyTest" time="0.014"/>
  <testcase name="all_EmptyAtFirst_true" classname="CopyTest" time="0.008"/>
  <testcase name="delete_deletesTaskInDatabase_true" classname="CopyTest" time="0.017"/>
  <system-out><![CDATA[]]></system-out>
  <system-err><![CDATA[]]></system-err>
</testsuite>
