<?xml version="1.0" encoding="UTF-8"?>
<testsuite name="AuthorTest" tests="10" skipped="0" failures="0" errors="0" timestamp="2016-05-11T18:37:12" hostname="epicodus-68.local" time="0.272">
  <properties/>
  <testcase name="save_savesObjectIntoDatabase_true" classname="AuthorTest" time="0.12"/>
  <testcase name="getTitles_getsTitlesForAnAuthor_true" classname="AuthorTest" time="0.029"/>
  <testcase name="equals_returnsTrueIfDescriptionsAreTheSame_true" classname="AuthorTest" time="0.006"/>
  <testcase name="update_updateAuthorNameInDatabase_true" classname="AuthorTest" time="0.019"/>
  <testcase name="addTitle_addsTitleToAuthor_true" classname="AuthorTest" time="0.025"/>
  <testcase name="Author_InstantiatesWithString_true" classname="AuthorTest" time="0.005"/>
  <testcase name="save_assignsIdToObject_int" classname="AuthorTest" time="0.014"/>
  <testcase name="all_EmptyAtFirst_true" classname="AuthorTest" time="0.009"/>
  <testcase name="find_findAuthorInDatabase_true" classname="AuthorTest" time="0.018"/>
  <testcase name="deleteAuthors_deletesAuthorsfromDatabase_true" classname="AuthorTest" time="0.026"/>
  <system-out><![CDATA[]]></system-out>
  <system-err><![CDATA[]]></system-err>
</testsuite>
